<?xml version="1.0" encoding="UTF-8"?>
<testsuite xmlns:xsi="http://www.w3.org/2001/XMLSchema-instance" xsi:noNamespaceSchemaLocation="https://maven.apache.org/surefire/maven-surefire-plugin/xsd/surefire-test-report.xsd" version="3.0.2" name="com.example.tech_opdracht.TechOpdrachtApplicationTests" time="1.303" tests="2" errors="0" skipped="0" failures="0">
  <properties>
[...]
</properties>
  <testcase name="CorrectCase" classname="com.example.tech_opdracht.TechOpdrachtApplicationTests" time="0.436">
    <system-out><![CDATA[18:25:59.791 [main] INFO org.springframework.test.context.support.AnnotationConfigContextLoaderUtils -- Could not detect default configuration classes for test class [com.example.tech_opdracht.TechOpdrachtApplicationTests]: TechOpdrachtApplicationTests does not declare any static, non-private, non-final, nested classes annotated with @Configuration.
18:25:59.840 [main] INFO org.springframework.boot.test.context.SpringBootTestContextBootstrapper -- Found @SpringBootConfiguration com.example.tech_opdracht.TechOpdrachtApplication for test class com.example.tech_opdracht.TechOpdrachtApplicationTests

  .   ____          _            __ _ _
 /\\ / ___'_ __ _ _(_)_ __  __ _ \ \ \ \
( ( )\___ | '_ | '_| | '_ \/ _` | \ \ \ \
 \\/  ___)| |_)| | | | | || (_| |  ) ) ) )
  '  |____| .__|_| |_|_| |_\__, | / / / /
 =========|_|==============|___/=/_/_/_/

 :: Spring Boot ::                (v3.5.4)

2025-08-10T18:26:00.145+02:00  INFO 25216 --- [tech_opdracht] [           main] c.e.t.TechOpdrachtApplicationTests       : Starting TechOpdrachtApplicationTests using Java 24.0.2 with PID 25216 (started by stijnbijnen in /Users/stijnbijnen/Documents/personal_git/pinkroccade/publiek_zaken)
2025-08-10T18:26:00.145+02:00  INFO 25216 --- [tech_opdracht] [           main] c.e.t.TechOpdrachtApplicationTests       : No active profile set, falling back to 1 default profile: "default"
2025-08-10T18:26:00.419+02:00  INFO 25216 --- [tech_opdracht] [           main] o.s.b.w.embedded.tomcat.TomcatWebServer  : Tomcat initialized with port 0 (http)
2025-08-10T18:26:00.424+02:00  INFO 25216 --- [tech_opdracht] [           main] o.apache.catalina.core.StandardService   : Starting service [Tomcat]
2025-08-10T18:26:00.425+02:00  INFO 25216 --- [tech_opdracht] [           main] o.apache.catalina.core.StandardEngine    : Starting Servlet engine: [Apache Tomcat/10.1.43]
2025-08-10T18:26:00.438+02:00  INFO 25216 --- [tech_opdracht] [           main] o.a.c.c.C.[Tomcat].[localhost].[/]       : Initializing Spring embedded WebApplicationContext
2025-08-10T18:26:00.439+02:00  INFO 25216 --- [tech_opdracht] [           main] w.s.c.ServletWebServerApplicationContext : Root WebApplicationContext: initialization completed in 287 ms
2025-08-10T18:26:00.596+02:00  INFO 25216 --- [tech_opdracht] [           main] o.s.b.w.embedded.tomcat.TomcatWebServer  : Tomcat started on port 60536 (http) with context path '/'
2025-08-10T18:26:00.600+02:00  INFO 25216 --- [tech_opdracht] [           main] c.e.t.TechOpdrachtApplicationTests       : Started TechOpdrachtApplicationTests in 0.552 seconds (process running for 1.058)
2025-08-10T18:26:00.958+02:00  INFO 25216 --- [tech_opdracht] [o-auto-1-exec-1] o.a.c.c.C.[Tomcat].[localhost].[/]       : Initializing Spring DispatcherServlet 'dispatcherServlet'
2025-08-10T18:26:00.958+02:00  INFO 25216 --- [tech_opdracht] [o-auto-1-exec-1] o.s.web.servlet.DispatcherServlet        : Initializing Servlet 'dispatcherServlet'
2025-08-10T18:26:00.959+02:00  INFO 25216 --- [tech_opdracht] [o-auto-1-exec-1] o.s.web.servlet.DispatcherServlet        : Completed initialization in 1 ms
]]></system-out>
    <system-err><![CDATA[Mockito is currently self-attaching to enable the inline-mock-maker. This will no longer work in future releases of the JDK. Please add Mockito as an agent to your build as described in Mockito's documentation: https://javadoc.io/doc/org.mockito/mockito-core/latest/org.mockito/org/mockito/Mockito.html#0.3
WARNING: A Java agent has been loaded dynamically (/Users/stijnbijnen/.m2/repository/net/bytebuddy/byte-buddy-agent/1.17.6/byte-buddy-agent-1.17.6.jar)
WARNING: If a serviceability tool is in use, please run with -XX:+EnableDynamicAgentLoading to hide this warning
WARNING: If a serviceability tool is not in use, please run with -Djdk.instrument.traceUsage for more information
WARNING: Dynamic loading of agents will be disallowed by default in a future release
]]></system-err>
  </testcase>
  <testcase name="FirstPostShouldAlwaysReturn444" classname="com.example.tech_opdracht.TechOpdrachtApplicationTests" time="0.003"/>
</testsuite>